# JRE version: OpenJDK Runtime Environment Temurin-17.0.3+7 (17.0.3+7) (build 17.0.3+7)
# Java VM: OpenJDK 64-Bit Server VM Temurin-17.0.3+7 (17.0.3+7, mixed mode, emulated-client, tiered, compressed oops, compressed class ptrs, g1 gc, windows-amd64)
GC Precious Log:
 CPUs: 4 total, 4 available
 Memory: 12173M
 Large Page Support: Disabled
 NUMA Support: Disabled
 Compressed Oops: Enabled (Zero based)
 Heap Region Size: 2M
 Heap Min Capacity: 8M
 Heap Initial Capacity: 192M
 Heap Max Capacity: 3044M
 Pre-touch: Disabled
 Parallel Workers: 4
 Concurrent Workers: 1
 Concurrent Refinement Workers: 4
 Periodic GC: Disabled
Heap:
 garbage-first heap   total 90112K, used 23856K [0x0000000741c00000, 0x0000000800000000)
  region size 2048K, 1 young (2048K), 0 survivors (0K)
 Metaspace       used 51093K, committed 51648K, reserved 1097728K
  class space    used 6637K, committed 6912K, reserved 1048576K
GC Heap History (20 events):
Event: 1133.591 GC heap before
{Heap before GC invocations=134 (full 106):
 garbage-first heap   total 90112K, used 23855K [0x0000000741c00000, 0x0000000800000000)
  region size 2048K, 1 young (2048K), 0 survivors (0K)
 Metaspace       used 51093K, committed 51648K, reserved 1097728K
  class space    used 6637K, committed 6912K, reserved 1048576K
}
Event: 1133.617 GC heap after
{Heap after GC invocations=135 (full 107):
 garbage-first heap   total 90112K, used 23855K [0x0000000741c00000, 0x0000000800000000)
  region size 2048K, 0 young (0K), 0 survivors (0K)
 Metaspace       used 51093K, committed 51648K, reserved 1097728K
  class space    used 6637K, committed 6912K, reserved 1048576K
}
Event: 1143.871 GC heap before
{Heap before GC invocations=135 (full 107):
 garbage-first heap   total 90112K, used 23855K [0x0000000741c00000, 0x0000000800000000)
  region size 2048K, 1 young (2048K), 0 survivors (0K)
 Metaspace       used 51093K, committed 51648K, reserved 1097728K
  class space    used 6637K, committed 6912K, reserved 1048576K
}
Event: 1143.900 GC heap after
{Heap after GC invocations=136 (full 108):
 garbage-first heap   total 90112K, used 23856K [0x0000000741c00000, 0x0000000800000000)
  region size 2048K, 0 young (0K), 0 survivors (0K)
 Metaspace       used 51093K, committed 51648K, reserved 1097728K
  class space    used 6637K, committed 6912K, reserved 1048576K
}
Event: 1154.155 GC heap before
{Heap before GC invocations=136 (full 108):
 garbage-first heap   total 90112K, used 23856K [0x0000000741c00000, 0x0000000800000000)
  region size 2048K, 1 young (2048K), 0 survivors (0K)
 Metaspace       used 51093K, committed 51648K, reserved 1097728K
  class space    used 6637K, committed 6912K, reserved 1048576K
}
Event: 1154.183 GC heap after
{Heap after GC invocations=137 (full 109):
 garbage-first heap   total 90112K, used 23856K [0x0000000741c00000, 0x0000000800000000)
  region size 2048K, 0 young (0K), 0 survivors (0K)
 Metaspace       used 51093K, committed 51648K, reserved 1097728K
  class space    used 6637K, committed 6912K, reserved 1048576K
}
Event: 1164.437 GC heap before
{Heap before GC invocations=137 (full 109):
 garbage-first heap   total 90112K, used 23856K [0x0000000741c00000, 0x0000000800000000)
  region size 2048K, 1 young (2048K), 0 survivors (0K)
 Metaspace       used 51093K, committed 51648K, reserved 1097728K
  class space    used 6637K, committed 6912K, reserved 1048576K
}
Event: 1164.470 GC heap after
{Heap after GC invocations=138 (full 110):
 garbage-first heap   total 90112K, used 23856K [0x0000000741c00000, 0x0000000800000000)
  region size 2048K, 0 young (0K), 0 survivors (0K)
 Metaspace       used 51093K, committed 51648K, reserved 1097728K
  class space    used 6637K, committed 6912K, reserved 1048576K
}
Event: 1174.720 GC heap before
{Heap before GC invocations=138 (full 110):
 garbage-first heap   total 90112K, used 23856K [0x0000000741c00000, 0x0000000800000000)
  region size 2048K, 1 young (2048K), 0 survivors (0K)
 Metaspace       used 51093K, committed 51648K, reserved 1097728K
  class space    used 6637K, committed 6912K, reserved 1048576K
}
Event: 1174.750 GC heap after
{Heap after GC invocations=139 (full 111):
 garbage-first heap   total 90112K, used 23856K [0x0000000741c00000, 0x0000000800000000)
  region size 2048K, 0 young (0K), 0 survivors (0K)
 Metaspace       used 51093K, committed 51648K, reserved 1097728K
  class space    used 6637K, committed 6912K, reserved 1048576K
}
Event: 1184.995 GC heap before
{Heap before GC invocations=139 (full 111):
 garbage-first heap   total 90112K, used 23856K [0x0000000741c00000, 0x0000000800000000)
  region size 2048K, 1 young (2048K), 0 survivors (0K)
 Metaspace       used 51093K, committed 51648K, reserved 1097728K
  class space    used 6637K, committed 6912K, reserved 1048576K
}
Event: 1185.021 GC heap after
{Heap after GC invocations=140 (full 112):
 garbage-first heap   total 90112K, used 23856K [0x0000000741c00000, 0x0000000800000000)
  region size 2048K, 0 young (0K), 0 survivors (0K)
 Metaspace       used 51093K, committed 51648K, reserved 1097728K
  class space    used 6637K, committed 6912K, reserved 1048576K
}
Event: 1195.271 GC heap before
{Heap before GC invocations=140 (full 112):
 garbage-first heap   total 90112K, used 23856K [0x0000000741c00000, 0x0000000800000000)
  region size 2048K, 1 young (2048K), 0 survivors (0K)
 Metaspace       used 51093K, committed 51648K, reserved 1097728K
  class space    used 6637K, committed 6912K, reserved 1048576K
}
Event: 1195.296 GC heap after
{Heap after GC invocations=141 (full 113):
 garbage-first heap   total 90112K, used 23856K [0x0000000741c00000, 0x0000000800000000)
  region size 2048K, 0 young (0K), 0 survivors (0K)
 Metaspace       used 51093K, committed 51648K, reserved 1097728K
  class space    used 6637K, committed 6912K, reserved 1048576K
}
Event: 1205.547 GC heap before
{Heap before GC invocations=141 (full 113):
 garbage-first heap   total 90112K, used 23856K [0x0000000741c00000, 0x0000000800000000)
  region size 2048K, 1 young (2048K), 0 survivors (0K)
 Metaspace       used 51093K, committed 51648K, reserved 1097728K
  class space    used 6637K, committed 6912K, reserved 1048576K
}
Event: 1205.572 GC heap after
{Heap after GC invocations=142 (full 114):
 garbage-first heap   total 90112K, used 23856K [0x0000000741c00000, 0x0000000800000000)
  region size 2048K, 0 young (0K), 0 survivors (0K)
 Metaspace       used 51093K, committed 51648K, reserved 1097728K
  class space    used 6637K, committed 6912K, reserved 1048576K
}
Event: 1215.827 GC heap before
{Heap before GC invocations=142 (full 114):
 garbage-first heap   total 90112K, used 23856K [0x0000000741c00000, 0x0000000800000000)
  region size 2048K, 1 young (2048K), 0 survivors (0K)
 Metaspace       used 51093K, committed 51648K, reserved 1097728K
  class space    used 6637K, committed 6912K, reserved 1048576K
}
Event: 1215.853 GC heap after
{Heap after GC invocations=143 (full 115):
 garbage-first heap   total 90112K, used 23856K [0x0000000741c00000, 0x0000000800000000)
  region size 2048K, 0 young (0K), 0 survivors (0K)
 Metaspace       used 51093K, committed 51648K, reserved 1097728K
  class space    used 6637K, committed 6912K, reserved 1048576K
}
Event: 1226.096 GC heap before
{Heap before GC invocations=143 (full 115):
 garbage-first heap   total 90112K, used 23856K [0x0000000741c00000, 0x0000000800000000)
  region size 2048K, 1 young (2048K), 0 survivors (0K)
 Metaspace       used 51093K, committed 51648K, reserved 1097728K
  class space    used 6637K, committed 6912K, reserved 1048576K
}
Event: 1226.131 GC heap after
{Heap after GC invocations=144 (full 116):
 garbage-first heap   total 90112K, used 23856K [0x0000000741c00000, 0x0000000800000000)
  region size 2048K, 0 young (0K), 0 survivors (0K)
 Metaspace       used 51093K, committed 51648K, reserved 1097728K
  class space    used 6637K, committed 6912K, reserved 1048576K
}

